### ISSUE TITLE
Unable to get current machine context, Win32 error 0n5

### ISSUE THREAD

**Issue by SamXi2023** [microsoft/WinDbg-Feedback#277]
WARNING: Step/trace thread exited
GetContextState failed, 0x80070005
GetContextState failed, 0x80070005
GetContextState failed, 0x80070005
GetContextState failed, 0x80070005
GetContextState failed, 0x80070005
Unable to get current machine context, Win32 error 0n5
GetContextState failed, 0x80070005
GetContextState failed, 0x80070005
Unable to get program counter
GetContextState failed, 0x80070005
Unable to retrieve register information
No flat address for current instruction

**Comment by SamXi2023** [comment]
`0:011> k
 # ChildEBP RetAddr      
00 0aefff2c 77e11116     ntdll!TpCheckTerminateWorker+0x47
01 0aefff40 77e6bcf0     ntdll!RtlExitUserThread+0x36
02 0aefff74 764b5d49     ntdll!DbgUiRemoteBreakin+0x50
03 0aefff84 77e0cffb     KERNEL32!BaseThreadInitThunk+0x19
04 0aefffdc 77e0cf81     ntdll!__RtlUserThreadStart+0x2b
05 0aefffec 00000000     ntdll!_RtlUserThreadStart+0x1b

    ntdll!TpCheckTerminateWorker:
77e11130 6894000000     push    94h
77e11135 68b8c7eb77     push    77EBC7B8h
77e1113a e8a5010400     call    ntdll!__SEH_prolog4_GS (77e512e4)
77e1113f 8b7d08         mov     edi, dword ptr [ebp+8]
77e11142 33db           xor     ebx, ebx
77e11144 895d84         mov     dword ptr [ebp-7Ch], ebx
77e11147 895d88         mov     dword ptr [ebp-78h], ebx
77e1114a 648b3518000000 mov     esi, dword ptr fs:[18h]
77e11151 85ff           test    edi, edi
77e11153 0f85222e0500   jne     ntdll!TpCheckTerminateWorker+0x52e4b (77e63f7b)
77e11159 399e900f0000   cmp     dword ptr [esi+0F90h], ebx
77e1115f 0f95c3         setne   bl
77e11162 837d8800       cmp     dword ptr [ebp-78h], 0
77e11166 0f85a72e0500   jne     ntdll!TpCheckTerminateWorker+0x52ee3 (77e64013)
77e1116c 84db           test    bl, bl
77e1116e 0f85ac2e0500   jne     ntdll!TpCheckTerminateWorker+0x52ef0 (77e64020)
77e11174 8b4df0         mov     ecx, dword ptr [ebp-10h]
77e11177 64890d00000000 mov     dword ptr fs:[0], ecx

0:011> r
eax=0aefff1c ebx=00000000 ecx=0aefff64 edx=00000000 esi=00212000 edi=00000000
eip=77e11177 esp=0aeffe78 ebp=0aefff2c iopl=0         nv up ei pl zr na pe nc
cs=0023  ss=002b  ds=002b  es=002b  fs=0053  gs=002b             efl=00000246
ntdll!TpCheckTerminateWorker+0x47:
77e11177 64890d00000000  mov     dword ptr fs:[0],ecx fs:0053:00000000=0aefff1c

0:011> dd fs:[0]
0053:00000000  0aefff1c 0af00000 0aefc000 00000000
0053:00000010  00001e00 00000000 00212000 00000000
0053:00000020  000090c8 0000335c 00000000 00000000
0053:00000030  003e1000 00000000 00000000 00000000
0053:00000040  00000000 00000000 00000000 00000000
0053:00000050  00000000 00000000 00000000 00000000
0053:00000060  00000000 00000000 00000000 00000000
0053:00000070  00000000 00000000 00000000 00000000`

**Comment by yakamoz423** [comment]
Same problem. It worked before, but it not work maybe after some version updates.

**Comment by wmessmer-msft** [comment]
If you are encountering this with debugging 32-bit (x86) applications on 64-bit (x64):

There was a recent change in the Win11 kernel that caused this issue with WinDbg.  While that will be addressed, there is an interim workaround that will mostly work to debug 32-bit applications:

WinDbgX will, by default, launch or attach to a target process with an engine host process that matches the bitness of the target process (e.g.: x86 engine to debug x86 target, x64 engine to debug x64 target).  This is done in order to support any potential managed code debugging.   Both the "Launch executable (advanced)" and "Attach to process" options in the File flyout have a dropdown called "Target architecture" which is by default set to "Autodetect".  If you drop that down and select "X64", it will use an x64 engine to debug an x86 target.  That will get around the "GetContextState failed, 0x80070005" problem for debugging native code.  That will, unfortunately, make it more difficult to debug any managed (CLR) code as the managed debug components require bitness matching...

**Comment by Donaut** [comment]
@wmessmer-msft Any update on this? Im trying to use binary ninja and it seems to trigger this exception also.

**Comment by SamXi2023** [comment]
> [@wmessmer-msft](https://github.com/wmessmer-msft) Any update on this? Im trying to use binary ninja and it seems to trigger this exception also.

The old WinDbg included in the Windows SDK works fine. You might want to use it instead of WinDbg Preview.

**Comment by KenSykes** [comment]
If I understand this issue correctly, we should have a fix for this in our June release but will require a new dump file to be collected (or make use of the workaround above). Also, you can use ``` /debugArch x64 ``` to force windbgx to use the 64-bit debugger engine.

**Comment by SamXi2023** [comment]
That is very good, this version is OK now.

1.2506.12002.1
https://learn.microsoft.com/en-us/windows-hardware/drivers/debuggercmds/windbg-release-notes


use cmd to update

winget upgrade Microsoft.WinDbg

**Comment by wuuuiYan** [comment]
Now, I want to use WinDbg to analysis a BSOD dump file. Some errors happened, like this:
```
GetContextState failed, 0x80070005
CS descriptor lookup failed
GetContextState failed, 0x80070005
For analysis of this file, run !analyze -v
GetContextState failed, 0x80070005
GetContextState failed, 0x80070005
GetContextState failed, 0x80070005
Unable to get current machine context, Win32 error 0n5
GetContextState failed, 0x80070005
GetContextState failed, 0x80070005
Unable to get program counter
No flat address for current instruction
 ??              ???
GetContextState failed, 0x80070005
GetContextState failed, 0x80070005
Unable to get current machine context, Win32 error 0n5
0: kd> !analyze -v
GetContextState failed, 0x80070005
Unable to get program counter
GetContextState failed, 0x80070005
Unable to get current machine context, Win32 error 0n5
```

Then, I can not find version 1.2506.12002.1 from https://learn.microsoft.com/en-us/windows-hardware/drivers/debuggercmds/windbg-release-notes

And I have try the solution mentioned above, but it still does not work fine. I use WinDbg version 1.2501.7001.0 now.

Can someone help me?
